This is pdfTeX, Version 3.141592653-2.6-1.40.26 (TeX Live 2024) (preloaded format=pdflatex 2025.1.23)  23 APR 2025 10:40
entering extended mode
 \write18 enabled.
 %&-line parsing enabled.
**\def\tikzexternalrealjob{APMA-1360}\input{APMA-1360}
(./APMA-1360.tex (/usr/local/texlive/2024/texmf-dist/tex/latex/base/report.cls
Document Class: report 2024/06/29 v1.4n Standard LaTeX document class
(/usr/local/texlive/2024/texmf-dist/tex/latex/base/size12.clo
File: size12.clo 2024/06/29 v1.4n Standard LaTeX file (size option)
)
\c@part=\count196
\c@chapter=\count197
\c@section=\count198
\c@subsection=\count199
\c@subsubsection=\count266
\c@paragraph=\count267
\c@subparagraph=\count268
\c@figure=\count269
\c@table=\count270
\abovecaptionskip=\skip49
\belowcaptionskip=\skip50
\bibindent=\dimen141
) (/usr/local/texlive/2024/texmf-dist/tex/latex/base/inputenc.sty
Package: inputenc 2024/02/08 v1.3d Input encoding file
\inpenc@prehook=\toks17
\inpenc@posthook=\toks18
) (/usr/local/texlive/2024/texmf-dist/tex/latex/geometry/geometry.sty
Package: geometry 2020/01/02 v5.9 Page Geometry
(/usr/local/texlive/2024/texmf-dist/tex/latex/graphics/keyval.sty
Package: keyval 2022/05/29 v1.15 key=value parser (DPC)
\KV@toks@=\toks19
) (/usr/local/texlive/2024/texmf-dist/tex/generic/iftex/ifvtex.sty
Package: ifvtex 2019/10/25 v1.7 ifvtex legacy package. Use iftex instead.
(/usr/local/texlive/2024/texmf-dist/tex/generic/iftex/iftex.sty
Package: iftex 2024/12/12 v1.0g TeX engine tests
))
\Gm@cnth=\count271
\Gm@cntv=\count272
\c@Gm@tempcnt=\count273
\Gm@bindingoffset=\dimen142
\Gm@wd@mp=\dimen143
\Gm@odd@mp=\dimen144
\Gm@even@mp=\dimen145
\Gm@layoutwidth=\dimen146
\Gm@layoutheight=\dimen147
\Gm@layouthoffset=\dimen148
\Gm@layoutvoffset=\dimen149
\Gm@dimlist=\toks20
) (/usr/local/texlive/2024/texmf-dist/tex/latex/graphics/graphicx.sty
Package: graphicx 2021/09/16 v1.2d Enhanced LaTeX Graphics (DPC,SPQR)
(/usr/local/texlive/2024/texmf-dist/tex/latex/graphics/graphics.sty
Package: graphics 2024/08/06 v1.4g Standard LaTeX Graphics (DPC,SPQR)
(/usr/local/texlive/2024/texmf-dist/tex/latex/graphics/trig.sty
Package: trig 2023/12/02 v1.11 sin cos tan (DPC)
) (/usr/local/texlive/2024/texmf-dist/tex/latex/graphics-cfg/graphics.cfg
File: graphics.cfg 2016/06/04 v1.11 sample graphics configuration
)
Package graphics Info: Driver file: pdftex.def on input line 106.
(/usr/local/texlive/2024/texmf-dist/tex/latex/graphics-def/pdftex.def
File: pdftex.def 2024/04/13 v1.2c Graphics/color driver for pdftex
))
\Gin@req@height=\dimen150
\Gin@req@width=\dimen151
) (/usr/local/texlive/2024/texmf-dist/tex/latex/parskip/parskip.sty
Package: parskip 2021-03-14 v2.0h non-zero parskip adjustments
(/usr/local/texlive/2024/texmf-dist/tex/latex/kvoptions/kvoptions.sty
Package: kvoptions 2022-06-15 v3.15 Key value format for package options (HO)
(/usr/local/texlive/2024/texmf-dist/tex/generic/ltxcmds/ltxcmds.sty
Package: ltxcmds 2023-12-04 v1.26 LaTeX kernel commands for general use (HO)
) (/usr/local/texlive/2024/texmf-dist/tex/latex/kvsetkeys/kvsetkeys.sty
Package: kvsetkeys 2022-10-05 v1.19 Key value parser (HO)
)) (/usr/local/texlive/2024/texmf-dist/tex/latex/etoolbox/etoolbox.sty
Package: etoolbox 2020/10/05 v2.5k e-TeX tools for LaTeX (JAW)
\etb@tempcnta=\count274
)) (/usr/local/texlive/2024/texmf-dist/tex/latex/booktabs/booktabs.sty
Package: booktabs 2020/01/12 v1.61803398 Publication quality tables
\heavyrulewidth=\dimen152
\lightrulewidth=\dimen153
\cmidrulewidth=\dimen154
\belowrulesep=\dimen155
\belowbottomsep=\dimen156
\aboverulesep=\dimen157
\abovetopsep=\dimen158
\cmidrulesep=\dimen159
\cmidrulekern=\dimen160
\defaultaddspace=\dimen161
\@cmidla=\count275
\@cmidlb=\count276
\@aboverulesep=\dimen162
\@belowrulesep=\dimen163
\@thisruleclass=\count277
\@lastruleclass=\count278
\@thisrulewidth=\dimen164
) (/usr/local/texlive/2024/texmf-dist/tex/latex/tools/array.sty
Package: array 2024/10/17 v2.6g Tabular extension package (FMi)
\col@sep=\dimen165
\ar@mcellbox=\box52
\extrarowheight=\dimen166
\NC@list=\toks21
\extratabsurround=\skip51
\backup@length=\skip52
\ar@cellbox=\box53
) (/usr/local/texlive/2024/texmf-dist/tex/latex/paralist/paralist.sty
Package: paralist 2017/01/22 v2.7 Extended list environments
\pltopsep=\skip53
\plpartopsep=\skip54
\plitemsep=\skip55
\plparsep=\skip56
\pl@lab=\toks22
) (/usr/local/texlive/2024/texmf-dist/tex/latex/tools/verbatim.sty
Package: verbatim 2024-01-22 v1.5x LaTeX2e package for verbatim enhancements
\every@verbatim=\toks23
\verbatim@line=\toks24
\verbatim@in@stream=\read2
) (/usr/local/texlive/2024/texmf-dist/tex/latex/subfig/subfig.sty
Package: subfig 2005/06/28 ver: 1.3 subfig package
(/usr/local/texlive/2024/texmf-dist/tex/latex/caption/caption.sty
Package: caption 2023/08/05 v3.6o Customizing captions (AR)
(/usr/local/texlive/2024/texmf-dist/tex/latex/caption/caption3.sty
Package: caption3 2023/07/31 v2.4d caption3 kernel (AR)
\caption@tempdima=\dimen167
\captionmargin=\dimen168
\caption@leftmargin=\dimen169
\caption@rightmargin=\dimen170
\caption@width=\dimen171
\caption@indent=\dimen172
\caption@parindent=\dimen173
\caption@hangindent=\dimen174
Package caption Info: Standard document class detected.
)
\c@caption@flags=\count279
\c@continuedfloat=\count280
)
\c@KVtest=\count281
\sf@farskip=\skip57
\sf@captopadj=\dimen175
\sf@capskip=\skip58
\sf@nearskip=\skip59
\c@subfigure=\count282
\c@subfigure@save=\count283
\c@lofdepth=\count284
\c@subtable=\count285
\c@subtable@save=\count286
\c@lotdepth=\count287
\sf@top=\skip60
\sf@bottom=\skip61
) (/usr/local/texlive/2024/texmf-dist/tex/latex/fancyhdr/fancyhdr.sty
Package: fancyhdr 2025/01/07 v5.1.1 Extensive control of page headers and footers
\f@nch@headwidth=\skip62
\f@nch@offset@elh=\skip63
\f@nch@offset@erh=\skip64
\f@nch@offset@olh=\skip65
\f@nch@offset@orh=\skip66
\f@nch@offset@elf=\skip67
\f@nch@offset@erf=\skip68
\f@nch@offset@olf=\skip69
\f@nch@offset@orf=\skip70
\f@nch@height=\skip71
\f@nch@footalignment=\skip72
\f@nch@widthL=\skip73
\f@nch@widthC=\skip74
\f@nch@widthR=\skip75
\@temptokenb=\toks25
) (/usr/local/texlive/2024/texmf-dist/tex/latex/multirow/multirow.sty
Package: multirow 2024/11/12 v2.9 Span multiple rows of a table
\multirow@colwidth=\skip76
\multirow@cntb=\count288
\multirow@dima=\skip77
\bigstrutjot=\dimen176
) (/usr/local/texlive/2024/texmf-dist/tex/latex/sectsty/sectsty.sty
Package: sectsty 2002/02/25 v2.0.2 Commands to change all sectional heading styles

LaTeX Warning: Command \underbar  has changed.
               Check if current package is valid.


LaTeX Warning: Command \underline  has changed.
               Check if current package is valid.

) (/usr/local/texlive/2024/texmf-dist/tex/latex/enumitem/enumitem.sty
Package: enumitem 2025/01/19 v3.10 Customized lists
\labelindent=\skip78
\enit@outerparindent=\dimen177
\enit@toks=\toks26
\enit@inbox=\box54
\enit@count@id=\count289
\enitdp@description=\count290
) (/usr/local/texlive/2024/texmf-dist/tex/latex/tocbibind/tocbibind.sty
Package: tocbibind 2010/10/13 v1.5k extra ToC listings
Package tocbibind Info: The document has chapter divisions on input line 50.

Package tocbibind Note: Using chapter style headings, unless overridden.

) (/usr/local/texlive/2024/texmf-dist/tex/latex/tocloft/tocloft.sty
Package: tocloft 2017/08/31 v2.3i parameterised ToC, etc., typesetting
Package tocloft Info: The document has chapter divisions on input line 51.
\cftparskip=\skip79
\cftbeforetoctitleskip=\skip80
\cftaftertoctitleskip=\skip81
\cftbeforepartskip=\skip82
\cftpartnumwidth=\skip83
\cftpartindent=\skip84
\cftbeforechapskip=\skip85
\cftchapindent=\skip86
\cftchapnumwidth=\skip87
\cftbeforesecskip=\skip88
\cftsecindent=\skip89
\cftsecnumwidth=\skip90
\cftbeforesubsecskip=\skip91
\cftsubsecindent=\skip92
\cftsubsecnumwidth=\skip93
\cftbeforesubsubsecskip=\skip94
\cftsubsubsecindent=\skip95
\cftsubsubsecnumwidth=\skip96
\cftbeforeparaskip=\skip97
\cftparaindent=\skip98
\cftparanumwidth=\skip99
\cftbeforesubparaskip=\skip100
\cftsubparaindent=\skip101
\cftsubparanumwidth=\skip102
\cftbeforeloftitleskip=\skip103
\cftafterloftitleskip=\skip104
\cftbeforefigskip=\skip105
\cftfigindent=\skip106
\cftfignumwidth=\skip107
\cftbeforelottitleskip=\skip108
\cftafterlottitleskip=\skip109
\cftbeforetabskip=\skip110
\cfttabindent=\skip111
\cfttabnumwidth=\skip112
\cftbeforesubfigskip=\skip113
\cftsubfigindent=\skip114
\cftsubfignumwidth=\skip115
\cftbeforesubtabskip=\skip116
\cftsubtabindent=\skip117
\cftsubtabnumwidth=\skip118

Package tocloft Warning: \@starttoc has already been redefined; tocloft bailing out. on input line 1156.

) (/usr/local/texlive/2024/texmf-dist/tex/latex/amsmath/amsmath.sty
Package: amsmath 2024/11/05 v2.17t AMS math features
\@mathmargin=\skip119
For additional information on amsmath, use the `?' option.
(/usr/local/texlive/2024/texmf-dist/tex/latex/amsmath/amstext.sty
Package: amstext 2021/08/26 v2.01 AMS text
(/usr/local/texlive/2024/texmf-dist/tex/latex/amsmath/amsgen.sty
File: amsgen.sty 1999/11/30 v2.0 generic functions
\@emptytoks=\toks27
\ex@=\dimen178
)) (/usr/local/texlive/2024/texmf-dist/tex/latex/amsmath/amsbsy.sty
Package: amsbsy 1999/11/29 v1.2d Bold Symbols
\pmbraise@=\dimen179
) (/usr/local/texlive/2024/texmf-dist/tex/latex/amsmath/amsopn.sty
Package: amsopn 2022/04/08 v2.04 operator names
)
\inf@bad=\count291
LaTeX Info: Redefining \frac on input line 233.
\uproot@=\count292
\leftroot@=\count293
LaTeX Info: Redefining \overline on input line 398.
LaTeX Info: Redefining \colon on input line 409.
\classnum@=\count294
\DOTSCASE@=\count295
LaTeX Info: Redefining \ldots on input line 495.
LaTeX Info: Redefining \dots on input line 498.
LaTeX Info: Redefining \cdots on input line 619.
\Mathstrutbox@=\box55
\strutbox@=\box56
LaTeX Info: Redefining \big on input line 721.
LaTeX Info: Redefining \Big on input line 722.
LaTeX Info: Redefining \bigg on input line 723.
LaTeX Info: Redefining \Bigg on input line 724.
\big@size=\dimen180
LaTeX Font Info:    Redeclaring font encoding OML on input line 742.
LaTeX Font Info:    Redeclaring font encoding OMS on input line 743.
\macc@depth=\count296
LaTeX Info: Redefining \bmod on input line 904.
LaTeX Info: Redefining \pmod on input line 909.
LaTeX Info: Redefining \smash on input line 939.
LaTeX Info: Redefining \relbar on input line 969.
LaTeX Info: Redefining \Relbar on input line 970.
\c@MaxMatrixCols=\count297
\dotsspace@=\muskip17
\c@parentequation=\count298
\dspbrk@lvl=\count299
\tag@help=\toks28
\row@=\count300
\column@=\count301
\maxfields@=\count302
\andhelp@=\toks29
\eqnshift@=\dimen181
\alignsep@=\dimen182
\tagshift@=\dimen183
\tagwidth@=\dimen184
\totwidth@=\dimen185
\lineht@=\dimen186
\@envbody=\toks30
\multlinegap=\skip120
\multlinetaggap=\skip121
\mathdisplay@stack=\toks31
LaTeX Info: Redefining \[ on input line 2953.
LaTeX Info: Redefining \] on input line 2954.
) (/usr/local/texlive/2024/texmf-dist/tex/latex/amsfonts/amssymb.sty
Package: amssymb 2013/01/14 v3.01 AMS font symbols
(/usr/local/texlive/2024/texmf-dist/tex/latex/amsfonts/amsfonts.sty
Package: amsfonts 2013/01/14 v3.01 Basic AMSFonts support
\symAMSa=\mathgroup4
\symAMSb=\mathgroup5
LaTeX Font Info:    Redeclaring math symbol \hbar on input line 98.
LaTeX Font Info:    Overwriting math alphabet `\mathfrak' in version `bold'
(Font)                  U/euf/m/n --> U/euf/b/n on input line 106.
)) (/usr/local/texlive/2024/texmf-dist/tex/latex/mathtools/mathtools.sty
Package: mathtools 2024/10/04 v1.31 mathematical typesetting tools
(/usr/local/texlive/2024/texmf-dist/tex/latex/tools/calc.sty
Package: calc 2023/07/08 v4.3 Infix arithmetic (KKT,FJ)
\calc@Acount=\count303
\calc@Bcount=\count304
\calc@Adimen=\dimen187
\calc@Bdimen=\dimen188
\calc@Askip=\skip122
\calc@Bskip=\skip123
LaTeX Info: Redefining \setlength on input line 80.
LaTeX Info: Redefining \addtolength on input line 81.
\calc@Ccount=\count305
\calc@Cskip=\skip124
) (/usr/local/texlive/2024/texmf-dist/tex/latex/mathtools/mhsetup.sty
Package: mhsetup 2021/03/18 v1.4 programming setup (MH)
)
\g_MT_multlinerow_int=\count306
\l_MT_multwidth_dim=\dimen189
\origjot=\skip125
\l_MT_shortvdotswithinadjustabove_dim=\dimen190
\l_MT_shortvdotswithinadjustbelow_dim=\dimen191
\l_MT_above_intertext_sep=\dimen192
\l_MT_below_intertext_sep=\dimen193
\l_MT_above_shortintertext_sep=\dimen194
\l_MT_below_shortintertext_sep=\dimen195
\xmathstrut@box=\box57
\xmathstrut@dim=\dimen196
) (/usr/local/texlive/2024/texmf-dist/tex/latex/mathtools/empheq.sty
Package: empheq 2024/08/09 v2.17 Emphasizing equations
\l_EQ_equationtype_int=\count307
\l_EQ_alignmentmode_int=\count308
\l_EQ_totalwidth_dim=\dimen197
\l_EQ_displaywidth_dim=\dimen198
\l_EQ_temp_linewidth_dim=\dimen199
\l_EQ_linewidth_dim=\dimen256
\EmphEqdelimitershortfall=\dimen257
\EmphEqdelimiterfactor=\count309
\g_EQ_toptag_height_dim=\dimen258
\g_EQ_bottomtag_depth_dim=\dimen259
\g_EQ_toprow_height_dim=\dimen260
\g_EQ_bottomrow_depth_dim=\dimen261
\g_EQ_widesttag_dim=\dimen262
\EQ_mathdisplay_box=\box58
\EQ_tag_box=\box59
\g_EQ_temprow_int=\count310
) (/usr/local/texlive/2024/texmf-dist/tex/latex/xcolor/xcolor.sty
Package: xcolor 2024/09/29 v3.02 LaTeX color extensions (UK)
(/usr/local/texlive/2024/texmf-dist/tex/latex/graphics-cfg/color.cfg
File: color.cfg 2016/01/02 v1.6 sample color configuration
)
Package xcolor Info: Driver file: pdftex.def on input line 274.
(/usr/local/texlive/2024/texmf-dist/tex/latex/graphics/mathcolor.ltx)
Package xcolor Info: Model `cmy' substituted by `cmy0' on input line 1349.
Package xcolor Info: Model `hsb' substituted by `rgb' on input line 1353.
Package xcolor Info: Model `RGB' extended on input line 1365.
Package xcolor Info: Model `HTML' substituted by `rgb' on input line 1367.
Package xcolor Info: Model `Hsb' substituted by `hsb' on input line 1368.
Package xcolor Info: Model `tHsb' substituted by `hsb' on input line 1369.
Package xcolor Info: Model `HSB' substituted by `hsb' on input line 1370.
Package xcolor Info: Model `Gray' substituted by `gray' on input line 1371.
Package xcolor Info: Model `wave' substituted by `hsb' on input line 1372.
) (/usr/local/texlive/2024/texmf-dist/tex/latex/bbm-macros/bbm.sty
Package: bbm 1999/03/15 V 1.2 provides fonts for set symbols - TH
LaTeX Font Info:    Overwriting math alphabet `\mathbbm' in version `bold'
(Font)                  U/bbm/m/n --> U/bbm/bx/n on input line 33.
LaTeX Font Info:    Overwriting math alphabet `\mathbbmss' in version `bold'
(Font)                  U/bbmss/m/n --> U/bbmss/bx/n on input line 35.
) (/usr/local/texlive/2024/texmf-dist/tex/latex/pgf/frontendlayer/tikz.sty (/usr/local/texlive/2024/texmf-dist/tex/latex/pgf/basiclayer/pgf.sty (/usr/local/texlive/2024/texmf-dist/tex/latex/pgf/utilities/pgfrcs.sty (/usr/local/texlive/2024/texmf-dist/tex/generic/pgf/utilities/pgfutil-common.tex
\pgfutil@everybye=\toks32
\pgfutil@tempdima=\dimen263
\pgfutil@tempdimb=\dimen264
) (/usr/local/texlive/2024/texmf-dist/tex/generic/pgf/utilities/pgfutil-latex.def
\pgfutil@abb=\box60
) (/usr/local/texlive/2024/texmf-dist/tex/generic/pgf/utilities/pgfrcs.code.tex (/usr/local/texlive/2024/texmf-dist/tex/generic/pgf/pgf.revision.tex)
Package: pgfrcs 2023-01-15 v3.1.10 (3.1.10)
))
Package: pgf 2023-01-15 v3.1.10 (3.1.10)
(/usr/local/texlive/2024/texmf-dist/tex/latex/pgf/basiclayer/pgfcore.sty (/usr/local/texlive/2024/texmf-dist/tex/latex/pgf/systemlayer/pgfsys.sty (/usr/local/texlive/2024/texmf-dist/tex/generic/pgf/systemlayer/pgfsys.code.tex
Package: pgfsys 2023-01-15 v3.1.10 (3.1.10)
(/usr/local/texlive/2024/texmf-dist/tex/generic/pgf/utilities/pgfkeys.code.tex
\pgfkeys@pathtoks=\toks33
\pgfkeys@temptoks=\toks34
(/usr/local/texlive/2024/texmf-dist/tex/generic/pgf/utilities/pgfkeyslibraryfiltered.code.tex
\pgfkeys@tmptoks=\toks35
))
\pgf@x=\dimen265
\pgf@y=\dimen266
\pgf@xa=\dimen267
\pgf@ya=\dimen268
\pgf@xb=\dimen269
\pgf@yb=\dimen270
\pgf@xc=\dimen271
\pgf@yc=\dimen272
\pgf@xd=\dimen273
\pgf@yd=\dimen274
\w@pgf@writea=\write3
\r@pgf@reada=\read3
\c@pgf@counta=\count311
\c@pgf@countb=\count312
\c@pgf@countc=\count313
\c@pgf@countd=\count314
\t@pgf@toka=\toks36
\t@pgf@tokb=\toks37
\t@pgf@tokc=\toks38
\pgf@sys@id@count=\count315
(/usr/local/texlive/2024/texmf-dist/tex/generic/pgf/systemlayer/pgf.cfg
File: pgf.cfg 2023-01-15 v3.1.10 (3.1.10)
)
Driver file for pgf: pgfsys-pdftex.def
(/usr/local/texlive/2024/texmf-dist/tex/generic/pgf/systemlayer/pgfsys-pdftex.def
File: pgfsys-pdftex.def 2023-01-15 v3.1.10 (3.1.10)
(/usr/local/texlive/2024/texmf-dist/tex/generic/pgf/systemlayer/pgfsys-common-pdf.def
File: pgfsys-common-pdf.def 2023-01-15 v3.1.10 (3.1.10)
))) (/usr/local/texlive/2024/texmf-dist/tex/generic/pgf/systemlayer/pgfsyssoftpath.code.tex
File: pgfsyssoftpath.code.tex 2023-01-15 v3.1.10 (3.1.10)
\pgfsyssoftpath@smallbuffer@items=\count316
\pgfsyssoftpath@bigbuffer@items=\count317
) (/usr/local/texlive/2024/texmf-dist/tex/generic/pgf/systemlayer/pgfsysprotocol.code.tex
File: pgfsysprotocol.code.tex 2023-01-15 v3.1.10 (3.1.10)
)) (/usr/local/texlive/2024/texmf-dist/tex/generic/pgf/basiclayer/pgfcore.code.tex
Package: pgfcore 2023-01-15 v3.1.10 (3.1.10)
(/usr/local/texlive/2024/texmf-dist/tex/generic/pgf/math/pgfmath.code.tex (/usr/local/texlive/2024/texmf-dist/tex/generic/pgf/math/pgfmathutil.code.tex) (/usr/local/texlive/2024/texmf-dist/tex/generic/pgf/math/pgfmathparser.code.tex
\pgfmath@dimen=\dimen275
\pgfmath@count=\count318
\pgfmath@box=\box61
\pgfmath@toks=\toks39
\pgfmath@stack@operand=\toks40
\pgfmath@stack@operation=\toks41
) (/usr/local/texlive/2024/texmf-dist/tex/generic/pgf/math/pgfmathfunctions.code.tex) (/usr/local/texlive/2024/texmf-dist/tex/generic/pgf/math/pgfmathfunctions.basic.code.tex) (/usr/local/texlive/2024/texmf-dist/tex/generic/pgf/math/pgfmathfunctions.trigonometric.code.tex) (/usr/local/texlive/2024/texmf-dist/tex/generic/pgf/math/pgfmathfunctions.random.code.tex) (/usr/local/texlive/2024/texmf-dist/tex/generic/pgf/math/pgfmathfunctions.comparison.code.tex) (/usr/local/texlive/2024/texmf-dist/tex/generic/pgf/math/pgfmathfunctions.base.code.tex) (/usr/local/texlive/2024/texmf-dist/tex/generic/pgf/math/pgfmathfunctions.round.code.tex) (/usr/local/texlive/2024/texmf-dist/tex/generic/pgf/math/pgfmathfunctions.misc.code.tex) (/usr/local/texlive/2024/texmf-dist/tex/generic/pgf/math/pgfmathfunctions.integerarithmetics.code.tex) (/usr/local/texlive/2024/texmf-dist/tex/generic/pgf/math/pgfmathcalc.code.tex) (/usr/local/texlive/2024/texmf-dist/tex/generic/pgf/math/pgfmathfloat.code.tex
\c@pgfmathroundto@lastzeros=\count319
)) (/usr/local/texlive/2024/texmf-dist/tex/generic/pgf/math/pgfint.code.tex) (/usr/local/texlive/2024/texmf-dist/tex/generic/pgf/basiclayer/pgfcorepoints.code.tex
File: pgfcorepoints.code.tex 2023-01-15 v3.1.10 (3.1.10)
\pgf@picminx=\dimen276
\pgf@picmaxx=\dimen277
\pgf@picminy=\dimen278
\pgf@picmaxy=\dimen279
\pgf@pathminx=\dimen280
\pgf@pathmaxx=\dimen281
\pgf@pathminy=\dimen282
\pgf@pathmaxy=\dimen283
\pgf@xx=\dimen284
\pgf@xy=\dimen285
\pgf@yx=\dimen286
\pgf@yy=\dimen287
\pgf@zx=\dimen288
\pgf@zy=\dimen289
) (/usr/local/texlive/2024/texmf-dist/tex/generic/pgf/basiclayer/pgfcorepathconstruct.code.tex
File: pgfcorepathconstruct.code.tex 2023-01-15 v3.1.10 (3.1.10)
\pgf@path@lastx=\dimen290
\pgf@path@lasty=\dimen291
) (/usr/local/texlive/2024/texmf-dist/tex/generic/pgf/basiclayer/pgfcorepathusage.code.tex
File: pgfcorepathusage.code.tex 2023-01-15 v3.1.10 (3.1.10)
\pgf@shorten@end@additional=\dimen292
\pgf@shorten@start@additional=\dimen293
) (/usr/local/texlive/2024/texmf-dist/tex/generic/pgf/basiclayer/pgfcorescopes.code.tex
File: pgfcorescopes.code.tex 2023-01-15 v3.1.10 (3.1.10)
\pgfpic=\box62
\pgf@hbox=\box63
\pgf@layerbox@main=\box64
\pgf@picture@serial@count=\count320
) (/usr/local/texlive/2024/texmf-dist/tex/generic/pgf/basiclayer/pgfcoregraphicstate.code.tex
File: pgfcoregraphicstate.code.tex 2023-01-15 v3.1.10 (3.1.10)
\pgflinewidth=\dimen294
) (/usr/local/texlive/2024/texmf-dist/tex/generic/pgf/basiclayer/pgfcoretransformations.code.tex
File: pgfcoretransformations.code.tex 2023-01-15 v3.1.10 (3.1.10)
\pgf@pt@x=\dimen295
\pgf@pt@y=\dimen296
\pgf@pt@temp=\dimen297
) (/usr/local/texlive/2024/texmf-dist/tex/generic/pgf/basiclayer/pgfcorequick.code.tex
File: pgfcorequick.code.tex 2023-01-15 v3.1.10 (3.1.10)
) (/usr/local/texlive/2024/texmf-dist/tex/generic/pgf/basiclayer/pgfcoreobjects.code.tex
File: pgfcoreobjects.code.tex 2023-01-15 v3.1.10 (3.1.10)
) (/usr/local/texlive/2024/texmf-dist/tex/generic/pgf/basiclayer/pgfcorepathprocessing.code.tex
File: pgfcorepathprocessing.code.tex 2023-01-15 v3.1.10 (3.1.10)
) (/usr/local/texlive/2024/texmf-dist/tex/generic/pgf/basiclayer/pgfcorearrows.code.tex
File: pgfcorearrows.code.tex 2023-01-15 v3.1.10 (3.1.10)
\pgfarrowsep=\dimen298
) (/usr/local/texlive/2024/texmf-dist/tex/generic/pgf/basiclayer/pgfcoreshade.code.tex
File: pgfcoreshade.code.tex 2023-01-15 v3.1.10 (3.1.10)
\pgf@max=\dimen299
\pgf@sys@shading@range@num=\count321
\pgf@shadingcount=\count322
) (/usr/local/texlive/2024/texmf-dist/tex/generic/pgf/basiclayer/pgfcoreimage.code.tex
File: pgfcoreimage.code.tex 2023-01-15 v3.1.10 (3.1.10)
) (/usr/local/texlive/2024/texmf-dist/tex/generic/pgf/basiclayer/pgfcoreexternal.code.tex
File: pgfcoreexternal.code.tex 2023-01-15 v3.1.10 (3.1.10)
\pgfexternal@startupbox=\box65
) (/usr/local/texlive/2024/texmf-dist/tex/generic/pgf/basiclayer/pgfcorelayers.code.tex
File: pgfcorelayers.code.tex 2023-01-15 v3.1.10 (3.1.10)
) (/usr/local/texlive/2024/texmf-dist/tex/generic/pgf/basiclayer/pgfcoretransparency.code.tex
File: pgfcoretransparency.code.tex 2023-01-15 v3.1.10 (3.1.10)
) (/usr/local/texlive/2024/texmf-dist/tex/generic/pgf/basiclayer/pgfcorepatterns.code.tex
File: pgfcorepatterns.code.tex 2023-01-15 v3.1.10 (3.1.10)
) (/usr/local/texlive/2024/texmf-dist/tex/generic/pgf/basiclayer/pgfcorerdf.code.tex
File: pgfcorerdf.code.tex 2023-01-15 v3.1.10 (3.1.10)
))) (/usr/local/texlive/2024/texmf-dist/tex/generic/pgf/modules/pgfmoduleshapes.code.tex
File: pgfmoduleshapes.code.tex 2023-01-15 v3.1.10 (3.1.10)
\pgfnodeparttextbox=\box66
) (/usr/local/texlive/2024/texmf-dist/tex/generic/pgf/modules/pgfmoduleplot.code.tex
File: pgfmoduleplot.code.tex 2023-01-15 v3.1.10 (3.1.10)
) (/usr/local/texlive/2024/texmf-dist/tex/latex/pgf/compatibility/pgfcomp-version-0-65.sty
Package: pgfcomp-version-0-65 2023-01-15 v3.1.10 (3.1.10)
\pgf@nodesepstart=\dimen300
\pgf@nodesepend=\dimen301
) (/usr/local/texlive/2024/texmf-dist/tex/latex/pgf/compatibility/pgfcomp-version-1-18.sty
Package: pgfcomp-version-1-18 2023-01-15 v3.1.10 (3.1.10)
)) (/usr/local/texlive/2024/texmf-dist/tex/latex/pgf/utilities/pgffor.sty (/usr/local/texlive/2024/texmf-dist/tex/latex/pgf/utilities/pgfkeys.sty (/usr/local/texlive/2024/texmf-dist/tex/generic/pgf/utilities/pgfkeys.code.tex)) (/usr/local/texlive/2024/texmf-dist/tex/latex/pgf/math/pgfmath.sty (/usr/local/texlive/2024/texmf-dist/tex/generic/pgf/math/pgfmath.code.tex)) (/usr/local/texlive/2024/texmf-dist/tex/generic/pgf/utilities/pgffor.code.tex
Package: pgffor 2023-01-15 v3.1.10 (3.1.10)
\pgffor@iter=\dimen302
\pgffor@skip=\dimen303
\pgffor@stack=\toks42
\pgffor@toks=\toks43
)) (/usr/local/texlive/2024/texmf-dist/tex/generic/pgf/frontendlayer/tikz/tikz.code.tex
Package: tikz 2023-01-15 v3.1.10 (3.1.10)
(/usr/local/texlive/2024/texmf-dist/tex/generic/pgf/libraries/pgflibraryplothandlers.code.tex
File: pgflibraryplothandlers.code.tex 2023-01-15 v3.1.10 (3.1.10)
\pgf@plot@mark@count=\count323
\pgfplotmarksize=\dimen304
)
\tikz@lastx=\dimen305
\tikz@lasty=\dimen306
\tikz@lastxsaved=\dimen307
\tikz@lastysaved=\dimen308
\tikz@lastmovetox=\dimen309
\tikz@lastmovetoy=\dimen310
\tikzleveldistance=\dimen311
\tikzsiblingdistance=\dimen312
\tikz@figbox=\box67
\tikz@figbox@bg=\box68
\tikz@tempbox=\box69
\tikz@tempbox@bg=\box70
\tikztreelevel=\count324
\tikznumberofchildren=\count325
\tikznumberofcurrentchild=\count326
\tikz@fig@count=\count327
(/usr/local/texlive/2024/texmf-dist/tex/generic/pgf/modules/pgfmodulematrix.code.tex
File: pgfmodulematrix.code.tex 2023-01-15 v3.1.10 (3.1.10)
\pgfmatrixcurrentrow=\count328
\pgfmatrixcurrentcolumn=\count329
\pgf@matrix@numberofcolumns=\count330
)
\tikz@expandcount=\count331
(/usr/local/texlive/2024/texmf-dist/tex/generic/pgf/frontendlayer/tikz/libraries/tikzlibrarytopaths.code.tex
File: tikzlibrarytopaths.code.tex 2023-01-15 v3.1.10 (3.1.10)
))) (/usr/local/texlive/2024/texmf-dist/tex/latex/pgfplots/pgfplots.sty (/usr/local/texlive/2024/texmf-dist/tex/generic/pgfplots/pgfplots.revision.tex)
Package: pgfplots 2021/05/15 v1.18.1 Data Visualization (1.18.1)
(/usr/local/texlive/2024/texmf-dist/tex/generic/pgfplots/pgfplots.code.tex (/usr/local/texlive/2024/texmf-dist/tex/generic/pgfplots/pgfplotscore.code.tex
\t@pgfplots@toka=\toks44
\t@pgfplots@tokb=\toks45
\t@pgfplots@tokc=\toks46
\pgfplots@tmpa=\dimen313
\c@pgfplots@coordindex=\count332
\c@pgfplots@scanlineindex=\count333
(/usr/local/texlive/2024/texmf-dist/tex/generic/pgfplots/sys/pgfplotssysgeneric.code.tex)) (/usr/local/texlive/2024/texmf-dist/tex/generic/pgfplots/libs/pgfplotslibrary.code.tex) (/usr/local/texlive/2024/texmf-dist/tex/generic/pgfplots/oldpgfcompatib/pgfplotsoldpgfsupp_loader.code.tex (/usr/local/texlive/2024/texmf-dist/tex/generic/pgf/libraries/pgflibraryfpu.code.tex)
Package pgfplots: loading complementary utilities for your pgf version...
\t@pgf@toka=\toks47
\t@pgf@tokb=\toks48
\t@pgf@tokc=\toks49
(/usr/local/texlive/2024/texmf-dist/tex/generic/pgfplots/oldpgfcompatib/pgfplotsoldpgfsupp_pgfutil-common-lists.tex)) (/usr/local/texlive/2024/texmf-dist/tex/generic/pgfplots/util/pgfplotsutil.code.tex (/usr/local/texlive/2024/texmf-dist/tex/generic/pgfplots/liststructure/pgfplotsliststructure.code.tex) (/usr/local/texlive/2024/texmf-dist/tex/generic/pgfplots/liststructure/pgfplotsliststructureext.code.tex) (/usr/local/texlive/2024/texmf-dist/tex/generic/pgfplots/liststructure/pgfplotsarray.code.tex
\c@pgfplotsarray@tmp=\count334
) (/usr/local/texlive/2024/texmf-dist/tex/generic/pgfplots/liststructure/pgfplotsmatrix.code.tex) (/usr/local/texlive/2024/texmf-dist/tex/generic/pgfplots/numtable/pgfplotstableshared.code.tex
\c@pgfplotstable@counta=\count335
\t@pgfplotstable@a=\toks50
) (/usr/local/texlive/2024/texmf-dist/tex/generic/pgfplots/liststructure/pgfplotsdeque.code.tex) (/usr/local/texlive/2024/texmf-dist/tex/generic/pgfplots/util/pgfplotsbinary.code.tex (/usr/local/texlive/2024/texmf-dist/tex/generic/pgfplots/util/pgfplotsbinary.data.code.tex)) (/usr/local/texlive/2024/texmf-dist/tex/generic/pgfplots/util/pgfplotsutil.verb.code.tex) (/usr/local/texlive/2024/texmf-dist/tex/generic/pgfplots/libs/pgflibrarypgfplots.surfshading.code.tex
\c@pgfplotslibrarysurf@no=\count336
(/usr/local/texlive/2024/texmf-dist/tex/generic/pgfplots/sys/pgflibrarypgfplots.surfshading.pgfsys-pdftex.def))) (/usr/local/texlive/2024/texmf-dist/tex/generic/pgfplots/util/pgfplotscolormap.code.tex (/usr/local/texlive/2024/texmf-dist/tex/generic/pgfplots/util/pgfplotscolor.code.tex)) (/usr/local/texlive/2024/texmf-dist/tex/generic/pgfplots/pgfplotsstackedplots.code.tex) (/usr/local/texlive/2024/texmf-dist/tex/generic/pgfplots/pgfplotsplothandlers.code.tex (/usr/local/texlive/2024/texmf-dist/tex/generic/pgfplots/pgfplotsmeshplothandler.code.tex (/usr/local/texlive/2024/texmf-dist/tex/generic/pgfplots/pgfplotsmeshplotimage.code.tex))) (/usr/local/texlive/2024/texmf-dist/tex/generic/pgfplots/pgfplots.scaling.code.tex) (/usr/local/texlive/2024/texmf-dist/tex/generic/pgfplots/pgfplotscoordprocessing.code.tex) (/usr/local/texlive/2024/texmf-dist/tex/generic/pgfplots/pgfplots.errorbars.code.tex) (/usr/local/texlive/2024/texmf-dist/tex/generic/pgfplots/pgfplots.markers.code.tex) (/usr/local/texlive/2024/texmf-dist/tex/generic/pgfplots/pgfplotsticks.code.tex) (/usr/local/texlive/2024/texmf-dist/tex/generic/pgfplots/pgfplots.paths.code.tex) (/usr/local/texlive/2024/texmf-dist/tex/generic/pgf/frontendlayer/tikz/libraries/tikzlibrarydecorations.code.tex (/usr/local/texlive/2024/texmf-dist/tex/generic/pgf/modules/pgfmoduledecorations.code.tex
\pgfdecoratedcompleteddistance=\dimen314
\pgfdecoratedremainingdistance=\dimen315
\pgfdecoratedinputsegmentcompleteddistance=\dimen316
\pgfdecoratedinputsegmentremainingdistance=\dimen317
\pgf@decorate@distancetomove=\dimen318
\pgf@decorate@repeatstate=\count337
\pgfdecorationsegmentamplitude=\dimen319
\pgfdecorationsegmentlength=\dimen320
)
\tikz@lib@dec@box=\box71
) (/usr/local/texlive/2024/texmf-dist/tex/generic/pgf/frontendlayer/tikz/libraries/tikzlibrarydecorations.pathmorphing.code.tex (/usr/local/texlive/2024/texmf-dist/tex/generic/pgf/libraries/decorations/pgflibrarydecorations.pathmorphing.code.tex)) (/usr/local/texlive/2024/texmf-dist/tex/generic/pgf/frontendlayer/tikz/libraries/tikzlibrarydecorations.pathreplacing.code.tex (/usr/local/texlive/2024/texmf-dist/tex/generic/pgf/libraries/decorations/pgflibrarydecorations.pathreplacing.code.tex)) (/usr/local/texlive/2024/texmf-dist/tex/generic/pgfplots/libs/tikzlibrarypgfplots.contourlua.code.tex)
\pgfplots@numplots=\count338
\pgfplots@xmin@reg=\dimen321
\pgfplots@xmax@reg=\dimen322
\pgfplots@ymin@reg=\dimen323
\pgfplots@ymax@reg=\dimen324
\pgfplots@zmin@reg=\dimen325
\pgfplots@zmax@reg=\dimen326
) (/usr/local/texlive/2024/texmf-dist/tex/generic/pgf/frontendlayer/tikz/libraries/tikzlibraryplotmarks.code.tex
File: tikzlibraryplotmarks.code.tex 2023-01-15 v3.1.10 (3.1.10)
(/usr/local/texlive/2024/texmf-dist/tex/generic/pgf/libraries/pgflibraryplotmarks.code.tex
File: pgflibraryplotmarks.code.tex 2023-01-15 v3.1.10 (3.1.10)
))) (/usr/local/texlive/2024/texmf-dist/tex/latex/tikz-cd/tikz-cd.sty
Package: tikz-cd 2021/05/04 v1.0 Commutative diagrams with TikZ
(/usr/local/texlive/2024/texmf-dist/tex/generic/tikz-cd/tikzlibrarycd.code.tex (/usr/local/texlive/2024/texmf-dist/tex/generic/pgf/frontendlayer/tikz/libraries/tikzlibrarymatrix.code.tex
File: tikzlibrarymatrix.code.tex 2023-01-15 v3.1.10 (3.1.10)
) (/usr/local/texlive/2024/texmf-dist/tex/generic/pgf/frontendlayer/tikz/libraries/tikzlibraryquotes.code.tex
File: tikzlibraryquotes.code.tex 2023-01-15 v3.1.10 (3.1.10)
) (/usr/local/texlive/2024/texmf-dist/tex/generic/pgf/libraries/pgflibraryarrows.meta.code.tex
File: pgflibraryarrows.meta.code.tex 2023-01-15 v3.1.10 (3.1.10)
\pgfarrowinset=\dimen327
\pgfarrowlength=\dimen328
\pgfarrowwidth=\dimen329
\pgfarrowlinewidth=\dimen330
))) (/usr/local/texlive/2024/texmf-dist/tex/generic/pgf/frontendlayer/tikz/libraries/tikzlibraryintersections.code.tex (/usr/local/texlive/2024/texmf-dist/tex/generic/pgf/libraries/pgflibraryintersections.code.tex
\pgf@intersect@solutions=\count339
)) (/usr/local/texlive/2024/texmf-dist/tex/generic/pgf/frontendlayer/tikz/libraries/tikzlibrarycalc.code.tex
File: tikzlibrarycalc.code.tex 2023-01-15 v3.1.10 (3.1.10)
) (/usr/local/texlive/2024/texmf-dist/tex/generic/pgf/frontendlayer/tikz/libraries/tikzlibrarydecorations.markings.code.tex (/usr/local/texlive/2024/texmf-dist/tex/generic/pgf/libraries/decorations/pgflibrarydecorations.markings.code.tex)) (/usr/local/texlive/2024/texmf-dist/tex/generic/pgfplots/libs/tikzlibrarypgfplots.polar.code.tex) (/usr/local/texlive/2024/texmf-dist/tex/generic/pgfplots/libs/tikzlibrarypgfplots.fillbetween.code.tex (/usr/local/texlive/2024/texmf-dist/tex/generic/pgfplots/pgfcontrib/tikzlibraryfillbetween.code.tex (/usr/local/texlive/2024/texmf-dist/tex/generic/pgfplots/pgfcontrib/tikzlibrarydecorations.softclip.code.tex (/usr/local/texlive/2024/texmf-dist/tex/generic/pgfplots/pgfcontrib/pgflibraryfillbetween.code.tex))) (/usr/local/texlive/2024/texmf-dist/tex/generic/pgfplots/libs/tikzlibrarypgfplots.decorations.softclip.code.tex)) (/usr/local/texlive/2024/texmf-dist/tex/latex/pgf/frontendlayer/libraries/tikzlibraryexternal.code.tex (/usr/local/texlive/2024/texmf-dist/tex/generic/pdftexcmds/pdftexcmds.sty
Package: pdftexcmds 2020-06-27 v0.33 Utility functions of pdfTeX for LuaTeX (HO)
(/usr/local/texlive/2024/texmf-dist/tex/generic/infwarerr/infwarerr.sty
Package: infwarerr 2019/12/03 v1.5 Providing info/warning/error messages (HO)
)
Package pdftexcmds Info: \pdf@primitive is available.
Package pdftexcmds Info: \pdf@ifprimitive is available.
Package pdftexcmds Info: \pdfdraftmode found.
) (/usr/local/texlive/2024/texmf-dist/tex/latex/base/atveryend-ltx.sty
Package: atveryend-ltx 2020/08/19 v1.0a Emulation of the original atveryend package
with kernel methods
) (/usr/local/texlive/2024/texmf-dist/tex/generic/pgf/frontendlayer/tikz/libraries/tikzexternalshared.code.tex))
No auxiliary output files.

\w@pgfexternal@auxout=\write4
Package TikZ externalization: calling \geometry{driver=none} during externalization.

(/usr/local/texlive/2024/texmf-dist/tex/latex/tcolorbox/tcolorbox.sty
Package: tcolorbox 2024/10/22 version 6.4.1 text color boxes
(/usr/local/texlive/2024/texmf-dist/tex/latex/environ/environ.sty
Package: environ 2014/05/04 v0.3 A new way to define environments
(/usr/local/texlive/2024/texmf-dist/tex/latex/trimspaces/trimspaces.sty
Package: trimspaces 2009/09/17 v1.1 Trim spaces around a token list
))
\tcb@titlebox=\box72
\tcb@upperbox=\box73
\tcb@lowerbox=\box74
\tcb@phantombox=\box75
\c@tcbbreakpart=\count340
\c@tcblayer=\count341
\c@tcolorbox@number=\count342
\l__tcobox_tmpa_box=\box76
\l__tcobox_tmpa_dim=\dimen331
\tcb@temp=\box77
\tcb@temp=\box78
\tcb@temp=\box79
\tcb@temp=\box80
) (/usr/local/texlive/2024/texmf-dist/tex/latex/tcolorbox/tcbbreakable.code.tex
Library (tcolorbox): 'tcbbreakable.code.tex' version '6.4.1'
(/usr/local/texlive/2024/texmf-dist/tex/latex/pdfcol/pdfcol.sty
Package: pdfcol 2022-09-21 v1.7 Handle new color stacks for pdfTeX (HO)
)
Package pdfcol Info: New color stack `tcb@breakable' = 1 on input line 23.
\tcb@testbox=\box81
\tcb@totalupperbox=\box82
\tcb@totallowerbox=\box83
) (/usr/local/texlive/2024/texmf-dist/tex/latex/tcolorbox/tcbskins.code.tex
Library (tcolorbox): 'tcbskins.code.tex' version '6.4.1'
(/usr/local/texlive/2024/texmf-dist/tex/latex/tikzfill/tikzfill.image.sty
Package: tikzfill.image 2023/08/08 v1.0.1 Image filling library for TikZ
(/usr/local/texlive/2024/texmf-dist/tex/latex/tikzfill/tikzfill-common.sty
Package: tikzfill-common 2023/08/08 v1.0.1 Auxiliary code for tikzfill
) (/usr/local/texlive/2024/texmf-dist/tex/latex/tikzfill/tikzlibraryfill.image.code.tex
File: tikzlibraryfill.image.code.tex 2023/08/08 v1.0.1 Image filling library
\l__tikzfill_img_box=\box84
)) (/usr/local/texlive/2024/texmf-dist/tex/latex/tcolorbox/tcbskinsjigsaw.code.tex
Library (tcolorbox): 'tcbskinsjigsaw.code.tex' version '6.4.1'
)) (/usr/local/texlive/2024/texmf-dist/tex/latex/l3backend/l3backend-pdftex.def
File: l3backend-pdftex.def 2024-05-08 L3 backend support: PDF output (pdfTeX)
\l__color_backend_stack_int=\count343
\l__pdf_internal_box=\box85
)
No file figures/APMA-1360-figure159.aux.
LaTeX Font Info:    Checking defaults for OML/cmm/m/it on input line 170.
LaTeX Font Info:    ... okay on input line 170.
LaTeX Font Info:    Checking defaults for OMS/cmsy/m/n on input line 170.
LaTeX Font Info:    ... okay on input line 170.
LaTeX Font Info:    Checking defaults for OT1/cmr/m/n on input line 170.
LaTeX Font Info:    ... okay on input line 170.
LaTeX Font Info:    Checking defaults for T1/cmr/m/n on input line 170.
LaTeX Font Info:    ... okay on input line 170.
LaTeX Font Info:    Checking defaults for TS1/cmr/m/n on input line 170.
LaTeX Font Info:    ... okay on input line 170.
LaTeX Font Info:    Checking defaults for OMX/cmex/m/n on input line 170.
LaTeX Font Info:    ... okay on input line 170.
LaTeX Font Info:    Checking defaults for U/cmr/m/n on input line 170.
LaTeX Font Info:    ... okay on input line 170.
*geometry* detected driver: <none>
*geometry* verbose mode - [ preamble ] result:
* driver: \Gm@driver 
* paper: letterpaper
* layout: <same size as paper>
* layoutoffset:(h,v)=(0.0pt,0.0pt)
* modes: 
* h-part:(L,W,R)=(18.06749pt, 578.16002pt, 18.06749pt)
* v-part:(T,H,B)=(18.06749pt, 758.835pt, 18.06749pt)
* \paperwidth=614.295pt
* \paperheight=794.96999pt
* \textwidth=578.16002pt
* \textheight=758.835pt
* \oddsidemargin=-54.2025pt
* \evensidemargin=-54.2025pt
* \topmargin=-91.2025pt
* \headheight=12.0pt
* \headsep=25.0pt
* \topskip=12.0pt
* \footskip=30.0pt
* \marginparwidth=44.0pt
* \marginparsep=10.0pt
* \columnsep=10.0pt
* \skip\footins=10.8pt plus 4.0pt minus 2.0pt
* \hoffset=0.0pt
* \voffset=0.0pt
* \mag=1000
* \@twocolumnfalse
* \@twosidefalse
* \@mparswitchfalse
* \@reversemarginfalse
* (1in=72.27pt=25.4mm, 1cm=28.453pt)

(/usr/local/texlive/2024/texmf-dist/tex/context/base/mkii/supp-pdf.mkii
[Loading MPS to PDF converter (version 2006.09.02).]
\scratchcounter=\count344
\scratchdimen=\dimen332
\scratchbox=\box86
\nofMPsegments=\count345
\nofMParguments=\count346
\everyMPshowfont=\toks51
\MPscratchCnt=\count347
\MPscratchDim=\dimen333
\MPnumerator=\count348
\makeMPintoPDFobject=\count349
\everyMPtoPDFconversion=\toks52
) (/usr/local/texlive/2024/texmf-dist/tex/latex/epstopdf-pkg/epstopdf-base.sty
Package: epstopdf-base 2020-01-24 v2.11 Base part for package epstopdf
Package epstopdf-base Info: Redefining graphics rule for `.eps' on input line 485.
(/usr/local/texlive/2024/texmf-dist/tex/latex/latexconfig/epstopdf-sys.cfg
File: epstopdf-sys.cfg 2010/07/13 v1.3 Configuration of (r)epstopdf for TeX Live
))
Package caption Info: Begin \AtBeginDocument code.
Package caption Info: subfig package v1.3 is loaded.
Package caption Info: End \AtBeginDocument code.
\Hy@linkcounter=\count350
Package pgfplots notification 'compat/show suggested version=true': document has been generated with the most recent feature set (\pgfplotsset{compat=1.18}).

LaTeX Font Info:    Trying to load font information for U+msa on input line 171.
(/usr/local/texlive/2024/texmf-dist/tex/latex/amsfonts/umsa.fd
File: umsa.fd 2013/01/14 v3.01 AMS symbols A
)
LaTeX Font Info:    Trying to load font information for U+msb on input line 171.
(/usr/local/texlive/2024/texmf-dist/tex/latex/amsfonts/umsb.fd
File: umsb.fd 2013/01/14 v3.01 AMS symbols B
)

Chapter 1.
A tikzpicture has been optimized away. Use '/tikz/external/optimize=false' to disable this.
A tikzpicture has been optimized away. Use '/tikz/external/optimize=false' to disable this.


A tikzpicture has been optimized away. Use '/tikz/external/optimize=false' to disable this.
A tikzpicture has been optimized away. Use '/tikz/external/optimize=false' to disable this.


A tikzpicture has been optimized away. Use '/tikz/external/optimize=false' to disable this.
A tikzpicture has been optimized away. Use '/tikz/external/optimize=false' to disable this.
A tikzpicture has been optimized away. Use '/tikz/external/optimize=false' to disable this.
A tikzpicture has been optimized away. Use '/tikz/external/optimize=false' to disable this.
A tikzpicture has been optimized away. Use '/tikz/external/optimize=false' to disable this.
A tikzpicture has been optimized away. Use '/tikz/external/optimize=false' to disable this.


A tikzpicture has been optimized away. Use '/tikz/external/optimize=false' to disable this.
A tikzpicture has been optimized away. Use '/tikz/external/optimize=false' to disable this.
A tikzpicture has been optimized away. Use '/tikz/external/optimize=false' to disable this.
A tikzpicture has been optimized away. Use '/tikz/external/optimize=false' to disable this.
A tikzpicture has been optimized away. Use '/tikz/external/optimize=false' to disable this.


A tikzpicture has been optimized away. Use '/tikz/external/optimize=false' to disable this.
A tikzpicture has been optimized away. Use '/tikz/external/optimize=false' to disable this.
A tikzpicture has been optimized away. Use '/tikz/external/optimize=false' to disable this.
A tikzpicture has been optimized away. Use '/tikz/external/optimize=false' to disable this.
A tikzpicture has been optimized away. Use '/tikz/external/optimize=false' to disable this.
A tikzpicture has been optimized away. Use '/tikz/external/optimize=false' to disable this.




A tikzpicture has been optimized away. Use '/tikz/external/optimize=false' to disable this.
A tikzpicture has been optimized away. Use '/tikz/external/optimize=false' to disable this.
A tikzpicture has been optimized away. Use '/tikz/external/optimize=false' to disable this.
A tikzpicture has been optimized away. Use '/tikz/external/optimize=false' to disable this.



Package tcolorbox Warning: Using nobreak failed. Try to enlarge `lines before break' or set page breaks manually on input line 1134.

A tikzpicture has been optimized away. Use '/tikz/external/optimize=false' to disable this.
A tikzpicture has been optimized away. Use '/tikz/external/optimize=false' to disable this.
A tikzpicture has been optimized away. Use '/tikz/external/optimize=false' to disable this.
A tikzpicture has been optimized away. Use '/tikz/external/optimize=false' to disable this.
A tikzpicture has been optimized away. Use '/tikz/external/optimize=false' to disable this.


A tikzpicture has been optimized away. Use '/tikz/external/optimize=false' to disable this.
A tikzpicture has been optimized away. Use '/tikz/external/optimize=false' to disable this.
A tikzpicture has been optimized away. Use '/tikz/external/optimize=false' to disable this.
A tikzpicture has been optimized away. Use '/tikz/external/optimize=false' to disable this.
A tikzpicture has been optimized away. Use '/tikz/external/optimize=false' to disable this.
A tikzpicture has been optimized away. Use '/tikz/external/optimize=false' to disable this.
A tikzpicture has been optimized away. Use '/tikz/external/optimize=false' to disable this.
A tikzpicture has been optimized away. Use '/tikz/external/optimize=false' to disable this.
A tikzpicture has been optimized away. Use '/tikz/external/optimize=false' to disable this.
A tikzpicture has been optimized away. Use '/tikz/external/optimize=false' to disable this.
A tikzpicture has been optimized away. Use '/tikz/external/optimize=false' to disable this.
A tikzpicture has been optimized away. Use '/tikz/external/optimize=false' to disable this.
A tikzpicture has been optimized away. Use '/tikz/external/optimize=false' to disable this.


A tikzpicture has been optimized away. Use '/tikz/external/optimize=false' to disable this.
A tikzpicture has been optimized away. Use '/tikz/external/optimize=false' to disable this.


A tikzpicture has been optimized away. Use '/tikz/external/optimize=false' to disable this.
A tikzpicture has been optimized away. Use '/tikz/external/optimize=false' to disable this.


Chapter 2.
A tikzpicture has been optimized away. Use '/tikz/external/optimize=false' to disable this.
A tikzpicture has been optimized away. Use '/tikz/external/optimize=false' to disable this.


A tikzpicture has been optimized away. Use '/tikz/external/optimize=false' to disable this.
A tikzpicture has been optimized away. Use '/tikz/external/optimize=false' to disable this.
A tikzpicture has been optimized away. Use '/tikz/external/optimize=false' to disable this.


A tikzpicture has been optimized away. Use '/tikz/external/optimize=false' to disable this.
A tikzpicture has been optimized away. Use '/tikz/external/optimize=false' to disable this.


A tikzpicture has been optimized away. Use '/tikz/external/optimize=false' to disable this.
A tikzpicture has been optimized away. Use '/tikz/external/optimize=false' to disable this.
A tikzpicture has been optimized away. Use '/tikz/external/optimize=false' to disable this.
A tikzpicture has been optimized away. Use '/tikz/external/optimize=false' to disable this.
A tikzpicture has been optimized away. Use '/tikz/external/optimize=false' to disable this.


A tikzpicture has been optimized away. Use '/tikz/external/optimize=false' to disable this.
A tikzpicture has been optimized away. Use '/tikz/external/optimize=false' to disable this.
A tikzpicture has been optimized away. Use '/tikz/external/optimize=false' to disable this.
A tikzpicture has been optimized away. Use '/tikz/external/optimize=false' to disable this.


A tikzpicture has been optimized away. Use '/tikz/external/optimize=false' to disable this.
A tikzpicture has been optimized away. Use '/tikz/external/optimize=false' to disable this.
A tikzpicture has been optimized away. Use '/tikz/external/optimize=false' to disable this.


A tikzpicture has been optimized away. Use '/tikz/external/optimize=false' to disable this.
A tikzpicture has been optimized away. Use '/tikz/external/optimize=false' to disable this.
A tikzpicture has been optimized away. Use '/tikz/external/optimize=false' to disable this.


The command '\includegraphics [width=0.8\textwidth ]{Images/FEB21 - contours.png}' has been optimized away. Use '/tikz/external/optimize=false' to disable this.
A tikzpicture has been optimized away. Use '/tikz/external/optimize=false' to disable this.
A tikzpicture has been optimized away. Use '/tikz/external/optimize=false' to disable this.
A tikzpicture has been optimized away. Use '/tikz/external/optimize=false' to disable this.
A tikzpicture has been optimized away. Use '/tikz/external/optimize=false' to disable this.


The command '\includegraphics [width=0.4\textwidth ]{Images/FEB24 - Index def.png}' has been optimized away. Use '/tikz/external/optimize=false' to disable this.
A tikzpicture has been optimized away. Use '/tikz/external/optimize=false' to disable this.
A tikzpicture has been optimized away. Use '/tikz/external/optimize=false' to disable this.
A tikzpicture has been optimized away. Use '/tikz/external/optimize=false' to disable this.
A tikzpicture has been optimized away. Use '/tikz/external/optimize=false' to disable this.
A tikzpicture has been optimized away. Use '/tikz/external/optimize=false' to disable this.
A tikzpicture has been optimized away. Use '/tikz/external/optimize=false' to disable this.


A tikzpicture has been optimized away. Use '/tikz/external/optimize=false' to disable this.
A tikzpicture has been optimized away. Use '/tikz/external/optimize=false' to disable this.
A tikzpicture has been optimized away. Use '/tikz/external/optimize=false' to disable this.
A tikzpicture has been optimized away. Use '/tikz/external/optimize=false' to disable this.
A tikzpicture has been optimized away. Use '/tikz/external/optimize=false' to disable this.
A tikzpicture has been optimized away. Use '/tikz/external/optimize=false' to disable this.
A tikzpicture has been optimized away. Use '/tikz/external/optimize=false' to disable this.

Overfull \hbox (929.9147pt too wide) in paragraph at lines 3433--3503
 [] 
 []



A tikzpicture has been optimized away. Use '/tikz/external/optimize=false' to disable this.
A tikzpicture has been optimized away. Use '/tikz/external/optimize=false' to disable this.


A tikzpicture has been optimized away. Use '/tikz/external/optimize=false' to disable this.
A tikzpicture has been optimized away. Use '/tikz/external/optimize=false' to disable this.


A tikzpicture has been optimized away. Use '/tikz/external/optimize=false' to disable this.
A tikzpicture has been optimized away. Use '/tikz/external/optimize=false' to disable this.
A tikzpicture has been optimized away. Use '/tikz/external/optimize=false' to disable this.
A tikzpicture has been optimized away. Use '/tikz/external/optimize=false' to disable this.


A tikzpicture has been optimized away. Use '/tikz/external/optimize=false' to disable this.
A tikzpicture has been optimized away. Use '/tikz/external/optimize=false' to disable this.
A tikzpicture has been optimized away. Use '/tikz/external/optimize=false' to disable this.
A tikzpicture has been optimized away. Use '/tikz/external/optimize=false' to disable this.
A tikzpicture has been optimized away. Use '/tikz/external/optimize=false' to disable this.
A tikzpicture has been optimized away. Use '/tikz/external/optimize=false' to disable this.
A tikzpicture has been optimized away. Use '/tikz/external/optimize=false' to disable this.
A tikzpicture has been optimized away. Use '/tikz/external/optimize=false' to disable this.
A tikzpicture has been optimized away. Use '/tikz/external/optimize=false' to disable this.

Underfull \hbox (badness 1924) in paragraph at lines 4226--4226
[]\OT1/cmr/m/n/12 Assumption: Non-lin-ear
 []


Underfull \hbox (badness 4024) in paragraph at lines 4226--4226
\OT1/cmr/m/n/12 terms sta-bi-lize equi-lib-
 []

A tikzpicture has been optimized away. Use '/tikz/external/optimize=false' to disable this.


A tikzpicture has been optimized away. Use '/tikz/external/optimize=false' to disable this.
A tikzpicture has been optimized away. Use '/tikz/external/optimize=false' to disable this.
A tikzpicture has been optimized away. Use '/tikz/external/optimize=false' to disable this.
A tikzpicture has been optimized away. Use '/tikz/external/optimize=false' to disable this.
A tikzpicture has been optimized away. Use '/tikz/external/optimize=false' to disable this.
A tikzpicture has been optimized away. Use '/tikz/external/optimize=false' to disable this.
A tikzpicture has been optimized away. Use '/tikz/external/optimize=false' to disable this.
A tikzpicture has been optimized away. Use '/tikz/external/optimize=false' to disable this.
A tikzpicture has been optimized away. Use '/tikz/external/optimize=false' to disable this.
A tikzpicture has been optimized away. Use '/tikz/external/optimize=false' to disable this.


Chapter 3.
A tikzpicture has been optimized away. Use '/tikz/external/optimize=false' to disable this.
A tikzpicture has been optimized away. Use '/tikz/external/optimize=false' to disable this.
A tikzpicture has been optimized away. Use '/tikz/external/optimize=false' to disable this.
A tikzpicture has been optimized away. Use '/tikz/external/optimize=false' to disable this.
A tikzpicture has been optimized away. Use '/tikz/external/optimize=false' to disable this.
A tikzpicture has been optimized away. Use '/tikz/external/optimize=false' to disable this.
A tikzpicture has been optimized away. Use '/tikz/external/optimize=false' to disable this.
A tikzpicture has been optimized away. Use '/tikz/external/optimize=false' to disable this.


A tikzpicture has been optimized away. Use '/tikz/external/optimize=false' to disable this.
A tikzpicture has been optimized away. Use '/tikz/external/optimize=false' to disable this.
A tikzpicture has been optimized away. Use '/tikz/external/optimize=false' to disable this.
A tikzpicture has been optimized away. Use '/tikz/external/optimize=false' to disable this.
The command '\includegraphics [width=0.8\textwidth ]{Images/MAR12 - Hopf.png}' has been optimized away. Use '/tikz/external/optimize=false' to disable this.
A tikzpicture has been optimized away. Use '/tikz/external/optimize=false' to disable this.
A tikzpicture has been optimized away. Use '/tikz/external/optimize=false' to disable this.


Chapter 4.


A tikzpicture has been optimized away. Use '/tikz/external/optimize=false' to disable this.
A tikzpicture has been optimized away. Use '/tikz/external/optimize=false' to disable this.


A tikzpicture has been optimized away. Use '/tikz/external/optimize=false' to disable this.


A tikzpicture has been optimized away. Use '/tikz/external/optimize=false' to disable this.
A tikzpicture has been optimized away. Use '/tikz/external/optimize=false' to disable this.


A tikzpicture has been optimized away. Use '/tikz/external/optimize=false' to disable this.
A tikzpicture has been optimized away. Use '/tikz/external/optimize=false' to disable this.


Chapter 5.
A tikzpicture has been optimized away. Use '/tikz/external/optimize=false' to disable this.


A tikzpicture has been optimized away. Use '/tikz/external/optimize=false' to disable this.
A tikzpicture has been optimized away. Use '/tikz/external/optimize=false' to disable this.
A tikzpicture has been optimized away. Use '/tikz/external/optimize=false' to disable this.
A tikzpicture has been optimized away. Use '/tikz/external/optimize=false' to disable this.


A tikzpicture has been optimized away. Use '/tikz/external/optimize=false' to disable this.
A tikzpicture has been optimized away. Use '/tikz/external/optimize=false' to disable this.
A tikzpicture has been optimized away. Use '/tikz/external/optimize=false' to disable this.
A tikzpicture has been optimized away. Use '/tikz/external/optimize=false' to disable this.
A tikzpicture has been optimized away. Use '/tikz/external/optimize=false' to disable this.
A tikzpicture has been optimized away. Use '/tikz/external/optimize=false' to disable this.
A tikzpicture has been optimized away. Use '/tikz/external/optimize=false' to disable this.
A tikzpicture has been optimized away. Use '/tikz/external/optimize=false' to disable this.


A tikzpicture has been optimized away. Use '/tikz/external/optimize=false' to disable this.
A tikzpicture has been optimized away. Use '/tikz/external/optimize=false' to disable this.


A tikzpicture has been optimized away. Use '/tikz/external/optimize=false' to disable this.
A tikzpicture has been optimized away. Use '/tikz/external/optimize=false' to disable this.
A tikzpicture has been optimized away. Use '/tikz/external/optimize=false' to disable this.
A tikzpicture has been optimized away. Use '/tikz/external/optimize=false' to disable this.

Overfull \hbox (531.7208pt too wide) in paragraph at lines 6074--6205
 [] 
 []



A tikzpicture has been optimized away. Use '/tikz/external/optimize=false' to disable this.
A tikzpicture has been optimized away. Use '/tikz/external/optimize=false' to disable this.


A tikzpicture has been optimized away. Use '/tikz/external/optimize=false' to disable this.


A tikzpicture has been optimized away. Use '/tikz/external/optimize=false' to disable this.




A tikzpicture has been optimized away. Use '/tikz/external/optimize=false' to disable this.
\openout4 = `figures/APMA-1360-figure159.dpth'.

[43

{/usr/local/texlive/2024/texmf-var/fonts/map/pdftex/updmap/pdftex.map}]

 ***********
LaTeX2e <2024-11-01> patch level 1
L3 programming layer <2024-12-25>
 ***********
 ) 
Here is how much of TeX's memory you used:
 34050 strings out of 473207
 862423 string characters out of 5716288
 1372251 words of memory out of 5000000
 56740 multiletter control sequences out of 15000+600000
 570537 words of font info for 80 fonts, out of 8000000 for 9000
 1141 hyphenation exceptions out of 8191
 88i,17n,100p,764b,1110s stack positions out of 10000i,1000n,20000p,200000b,200000s
</usr/local/texlive/2024/texmf-dist/fonts/type1/public/amsfonts/cm/cmr12.pfb></usr/local/texlive/2024/texmf-dist/fonts/type1/public/amsfonts/cm/cmsy10.pfb>
Output written on figures/APMA-1360-figure159.pdf (1 page, 19490 bytes).
PDF statistics:
 21 PDF objects out of 1000 (max. 8388607)
 13 compressed objects within 1 object stream
 0 named destinations out of 1000 (max. 500000)
 13 words of extra memory for PDF output out of 10000 (max. 10000000)

